0 info it worked if it ends with ok
1 verbose cli [ '/usr/local/bin/node',
1 verbose cli   '/usr/local/lib/node_modules/npm/bin/npm-cli.js',
1 verbose cli   'run',
1 verbose cli   'new',
1 verbose cli   '--scripts-prepend-node-path=auto' ]
2 info using npm@3.10.10
3 info using node@v6.11.2
4 verbose run-script [ 'prenew', 'new', 'postnew' ]
5 info lifecycle vue-eg@1.0.0~prenew: vue-eg@1.0.0
6 silly lifecycle vue-eg@1.0.0~prenew: no script for prenew, continuing
7 info lifecycle vue-eg@1.0.0~new: vue-eg@1.0.0
8 verbose lifecycle vue-eg@1.0.0~new: unsafe-perm in lifecycle true
9 verbose lifecycle vue-eg@1.0.0~new: PATH: /usr/local/lib/node_modules/npm/bin/node-gyp-bin:/Users/zhangjiayu/Desktop/changyi/car-serviceassistant-wx/node_modules/.bin:/usr/local/bin:/usr/bin:/bin:/usr/sbin:/sbin
10 verbose lifecycle vue-eg@1.0.0~new: CWD: /Users/zhangjiayu/Desktop/changyi/car-serviceassistant-wx
11 silly lifecycle vue-eg@1.0.0~new: Args: [ '-c', 'gulp component --component' ]
12 silly lifecycle vue-eg@1.0.0~new: Returned: code: 1  signal: null
13 info lifecycle vue-eg@1.0.0~new: Failed to exec new script
14 verbose stack Error: vue-eg@1.0.0 new: `gulp component --component`
14 verbose stack Exit status 1
14 verbose stack     at EventEmitter.<anonymous> (/usr/local/lib/node_modules/npm/lib/utils/lifecycle.js:255:16)
14 verbose stack     at emitTwo (events.js:106:13)
14 verbose stack     at EventEmitter.emit (events.js:191:7)
14 verbose stack     at ChildProcess.<anonymous> (/usr/local/lib/node_modules/npm/lib/utils/spawn.js:40:14)
14 verbose stack     at emitTwo (events.js:106:13)
14 verbose stack     at ChildProcess.emit (events.js:191:7)
14 verbose stack     at maybeClose (internal/child_process.js:891:16)
14 verbose stack     at Process.ChildProcess._handle.onexit (internal/child_process.js:226:5)
15 verbose pkgid vue-eg@1.0.0
16 verbose cwd /Users/zhangjiayu/Desktop/changyi/car-serviceassistant-wx
17 error Darwin 16.6.0
18 error argv "/usr/local/bin/node" "/usr/local/lib/node_modules/npm/bin/npm-cli.js" "run" "new" "--scripts-prepend-node-path=auto"
19 error node v6.11.2
20 error npm  v3.10.10
21 error code ELIFECYCLE
22 error vue-eg@1.0.0 new: `gulp component --component`
22 error Exit status 1
23 error Failed at the vue-eg@1.0.0 new script 'gulp component --component'.
23 error Make sure you have the latest version of node.js and npm installed.
23 error If you do, this is most likely a problem with the vue-eg package,
23 error not with npm itself.
23 error Tell the author that this fails on your system:
23 error     gulp component --component
23 error You can get information on how to open an issue for this project with:
23 error     npm bugs vue-eg
23 error Or if that isn't available, you can get their info via:
23 error     npm owner ls vue-eg
23 error There is likely additional logging output above.
24 verbose exit [ 1, true ]
